生成启动时间为 2017/11/26 11:59:36。
     1>项目“F:\oop\OOPExperiment\lab1_1\lab2_3\lab2_3.vcxproj”在节点 2 上(build 个目标)。
     1>InitializeBuildStatus:
         正在创建“Debug\lab2_3.unsuccessfulbuild”，因为已指定“AlwaysCreate”。
       ClCompile:
         所有输出均为最新。
         d:\Program Files\VS2010\VC\bin\CL.exe /c /ZI /nologo /W3 /WX- /Od /Oy- /D WIN32 /D _DEBUG /D _CONSOLE /D _UNICODE /D UNICODE /Gm /EHsc /RTC1 /MDd /GS /fp:precise /Zc:wchar_t /Zc:forScope /Fo"Debug\\" /Fd"Debug\vc100.pdb" /Gd /TP /analyze- /errorReport:prompt lab2_3.cpp
         lab2_3.cpp
     1>f:\oop\oopexperiment\lab1_1\lab2_3\lab2_3.cpp(130): warning C4996: 'strcpy': This function or variable may be unsafe. Consider using strcpy_s instead. To disable deprecation, use _CRT_SECURE_NO_WARNINGS. See online help for details.
                 d:\program files\vs2010\vc\include\string.h(105) : 参见“strcpy”的声明
     1>f:\oop\oopexperiment\lab1_1\lab2_3\lab2_3.cpp(133): warning C4996: 'strcpy': This function or variable may be unsafe. Consider using strcpy_s instead. To disable deprecation, use _CRT_SECURE_NO_WARNINGS. See online help for details.
                 d:\program files\vs2010\vc\include\string.h(105) : 参见“strcpy”的声明
       ManifestResourceCompile:
         所有输出均为最新。
       Link:
         d:\Program Files\VS2010\VC\bin\link.exe /ERRORREPORT:PROMPT /OUT:"F:\oop\OOPExperiment\lab1_1\Debug\lab2_3.exe" /INCREMENTAL /NOLOGO kernel32.lib user32.lib gdi32.lib winspool.lib comdlg32.lib advapi32.lib shell32.lib ole32.lib oleaut32.lib uuid.lib odbc32.lib odbccp32.lib /MANIFEST /ManifestFile:"Debug\lab2_3.exe.intermediate.manifest" /MANIFESTUAC:"level='asInvoker' uiAccess='false'" /DEBUG /PDB:"F:\oop\OOPExperiment\lab1_1\Debug\lab2_3.pdb" /SUBSYSTEM:CONSOLE /TLBID:1 /DYNAMICBASE /NXCOMPAT /IMPLIB:"F:\oop\OOPExperiment\lab1_1\Debug\lab2_3.lib" /MACHINE:X86 Debug\lab2_3.exe.embed.manifest.res
         Debug\lab2_3.obj
         Debug\stdafx.obj
       Manifest:
         C:\Program Files (x86)\Microsoft SDKs\Windows\v7.0A\bin\mt.exe /nologo /verbose /out:"Debug\lab2_3.exe.embed.manifest" /manifest Debug\lab2_3.exe.intermediate.manifest
         所有输出均为最新。
       LinkEmbedManifest:
         所有输出均为最新。
         lab2_3.vcxproj -> F:\oop\OOPExperiment\lab1_1\Debug\lab2_3.exe
       FinalizeBuildStatus:
         正在删除文件“Debug\lab2_3.unsuccessfulbuild”。
         正在对“Debug\lab2_3.lastbuildstate”执行 Touch 任务。
     1>已完成生成项目“F:\oop\OOPExperiment\lab1_1\lab2_3\lab2_3.vcxproj”(build 个目标)的操作。

生成成功。

已用时间 00:00:06.41
