D:\DOCUMENTS\VISUAL STUDIO 2010\PROJECTS\LAB1_1\DEBUG\LAB1_1.EXE
D:\DOCUMENTS\VISUAL STUDIO 2010\PROJECTS\LAB1_1\DEBUG\LAB1_1.ILK
D:\DOCUMENTS\VISUAL STUDIO 2010\PROJECTS\LAB1_1\DEBUG\LAB1_1.PDB
D:\DOCUMENTS\VISUAL STUDIO 2010\PROJECTS\LAB1_1\LAB1_1\DEBUG\LAB1_1.EXE.EMBED.MANIFEST
D:\DOCUMENTS\VISUAL STUDIO 2010\PROJECTS\LAB1_1\LAB1_1\DEBUG\LAB1_1.EXE.EMBED.MANIFEST.RES
D:\DOCUMENTS\VISUAL STUDIO 2010\PROJECTS\LAB1_1\LAB1_1\DEBUG\LAB1_1.EXE.INTERMEDIATE.MANIFEST
D:\DOCUMENTS\VISUAL STUDIO 2010\PROJECTS\LAB1_1\LAB1_1\DEBUG\LAB1_1.OBJ
D:\DOCUMENTS\VISUAL STUDIO 2010\PROJECTS\LAB1_1\LAB1_1\DEBUG\LAB1_1.PCH
D:\DOCUMENTS\VISUAL STUDIO 2010\PROJECTS\LAB1_1\LAB1_1\DEBUG\STDAFX.OBJ
D:\DOCUMENTS\VISUAL STUDIO 2010\PROJECTS\LAB1_1\LAB1_1\DEBUG\VC100.PDB
F:\oop\OOPExperiment\lab1_1\Debug\lab1_1.exe
F:\oop\OOPExperiment\lab1_1\Debug\lab1_1.ilk
F:\oop\OOPExperiment\lab1_1\Debug\lab1_1.pdb
F:\oop\OOPExperiment\lab1_1\lab1_1\Debug\cl.command.1.tlog
F:\oop\OOPExperiment\lab1_1\lab1_1\Debug\CL.read.1.tlog
F:\oop\OOPExperiment\lab1_1\lab1_1\Debug\CL.write.1.tlog
F:\oop\OOPExperiment\lab1_1\lab1_1\Debug\lab1_1.exe.embed.manifest
F:\oop\OOPExperiment\lab1_1\lab1_1\Debug\lab1_1.exe.embed.manifest.res
F:\oop\OOPExperiment\lab1_1\lab1_1\Debug\lab1_1.exe.intermediate.manifest
F:\oop\OOPExperiment\lab1_1\lab1_1\Debug\lab1_1.obj
F:\oop\OOPExperiment\lab1_1\lab1_1\Debug\lab1_1.pch
F:\oop\OOPExperiment\lab1_1\lab1_1\Debug\lab1_1_manifest.rc
F:\oop\OOPExperiment\lab1_1\lab1_1\Debug\link.5096.read.1.tlog
F:\oop\OOPExperiment\lab1_1\lab1_1\Debug\link.5096.write.1.tlog
F:\oop\OOPExperiment\lab1_1\lab1_1\Debug\link.5096-cvtres.read.1.tlog
F:\oop\OOPExperiment\lab1_1\lab1_1\Debug\link.5096-cvtres.write.1.tlog
F:\oop\OOPExperiment\lab1_1\lab1_1\Debug\link.command.1.tlog
F:\oop\OOPExperiment\lab1_1\lab1_1\Debug\link.read.1.tlog
F:\oop\OOPExperiment\lab1_1\lab1_1\Debug\link.write.1.tlog
F:\oop\OOPExperiment\lab1_1\lab1_1\Debug\link-cvtres.read.1.tlog
F:\oop\OOPExperiment\lab1_1\lab1_1\Debug\link-cvtres.write.1.tlog
F:\oop\OOPExperiment\lab1_1\lab1_1\Debug\mt.command.1.tlog
F:\oop\OOPExperiment\lab1_1\lab1_1\Debug\mt.read.1.tlog
F:\oop\OOPExperiment\lab1_1\lab1_1\Debug\mt.write.1.tlog
F:\oop\OOPExperiment\lab1_1\lab1_1\Debug\rc.command.1.tlog
F:\oop\OOPExperiment\lab1_1\lab1_1\Debug\rc.read.1.tlog
F:\oop\OOPExperiment\lab1_1\lab1_1\Debug\rc.write.1.tlog
F:\oop\OOPExperiment\lab1_1\lab1_1\Debug\stdafx.obj
F:\oop\OOPExperiment\lab1_1\lab1_1\Debug\vc100.idb
F:\oop\OOPExperiment\lab1_1\lab1_1\Debug\vc100.pdb
