生成启动时间为 2017/11/17 23:12:45。
     1>项目“F:\lab1_1\lab1_33\lab1_33.vcxproj”在节点 2 上(build 个目标)。
     1>InitializeBuildStatus:
         正在创建“Debug\lab1_33.unsuccessfulbuild”，因为已指定“AlwaysCreate”。
       ClCompile:
         所有输出均为最新。
         d:\Program Files\VS2010\VC\bin\CL.exe /c /ZI /nologo /W3 /WX- /Od /Oy- /D WIN32 /D _DEBUG /D _CONSOLE /D _UNICODE /D UNICODE /Gm /EHsc /RTC1 /MDd /GS /fp:precise /Zc:wchar_t /Zc:forScope /Fo"Debug\\" /Fd"Debug\vc100.pdb" /Gd /TP /analyze- /errorReport:prompt lab1_33.cpp
         lab1_33.cpp
       ManifestResourceCompile:
         所有输出均为最新。
       Link:
         d:\Program Files\VS2010\VC\bin\link.exe /ERRORREPORT:PROMPT /OUT:"F:\lab1_1\Debug\lab1_33.exe" /INCREMENTAL /NOLOGO kernel32.lib user32.lib gdi32.lib winspool.lib comdlg32.lib advapi32.lib shell32.lib ole32.lib oleaut32.lib uuid.lib odbc32.lib odbccp32.lib /MANIFEST /ManifestFile:"Debug\lab1_33.exe.intermediate.manifest" /MANIFESTUAC:"level='asInvoker' uiAccess='false'" /DEBUG /PDB:"F:\lab1_1\Debug\lab1_33.pdb" /SUBSYSTEM:CONSOLE /TLBID:1 /DYNAMICBASE /NXCOMPAT /IMPLIB:"F:\lab1_1\Debug\lab1_33.lib" /MACHINE:X86 Debug\lab1_33.exe.embed.manifest.res
         Debug\lab1_33.obj
         Debug\stdafx.obj
       Manifest:
         C:\Program Files (x86)\Microsoft SDKs\Windows\v7.0A\bin\mt.exe /nologo /verbose /out:"Debug\lab1_33.exe.embed.manifest" /manifest Debug\lab1_33.exe.intermediate.manifest
         所有输出均为最新。
       LinkEmbedManifest:
         所有输出均为最新。
         lab1_33.vcxproj -> F:\lab1_1\Debug\lab1_33.exe
       FinalizeBuildStatus:
         正在删除文件“Debug\lab1_33.unsuccessfulbuild”。
         正在对“Debug\lab1_33.lastbuildstate”执行 Touch 任务。
     1>已完成生成项目“F:\lab1_1\lab1_33\lab1_33.vcxproj”(build 个目标)的操作。

生成成功。

已用时间 00:00:01.03
