生成启动时间为 2017/11/27 16:43:48。
     1>项目“F:\oop\OOPExperiment\lab1_1\lab3_1\lab3_1.vcxproj”在节点 2 上(build 个目标)。
     1>InitializeBuildStatus:
         正在创建“Debug\lab3_1.unsuccessfulbuild”，因为已指定“AlwaysCreate”。
       ClCompile:
         所有输出均为最新。
         d:\Program Files\VS2010\VC\bin\CL.exe /c /ZI /nologo /W3 /WX- /Od /Oy- /D WIN32 /D _DEBUG /D _CONSOLE /D _UNICODE /D UNICODE /Gm /EHsc /RTC1 /MDd /GS /fp:precise /Zc:wchar_t /Zc:forScope /Fo"Debug\\" /Fd"Debug\vc100.pdb" /Gd /TP /analyze- /errorReport:prompt lab3_1.cpp
         lab3_1.cpp
       ManifestResourceCompile:
         所有输出均为最新。
       Link:
         d:\Program Files\VS2010\VC\bin\link.exe /ERRORREPORT:PROMPT /OUT:"F:\oop\OOPExperiment\lab1_1\Debug\lab3_1.exe" /INCREMENTAL /NOLOGO kernel32.lib user32.lib gdi32.lib winspool.lib comdlg32.lib advapi32.lib shell32.lib ole32.lib oleaut32.lib uuid.lib odbc32.lib odbccp32.lib /MANIFEST /ManifestFile:"Debug\lab3_1.exe.intermediate.manifest" /MANIFESTUAC:"level='asInvoker' uiAccess='false'" /DEBUG /PDB:"F:\oop\OOPExperiment\lab1_1\Debug\lab3_1.pdb" /SUBSYSTEM:CONSOLE /TLBID:1 /DYNAMICBASE /NXCOMPAT /IMPLIB:"F:\oop\OOPExperiment\lab1_1\Debug\lab3_1.lib" /MACHINE:X86 Debug\lab3_1.exe.embed.manifest.res
         Debug\lab3_1.obj
         Debug\stdafx.obj
       Manifest:
         C:\Program Files (x86)\Microsoft SDKs\Windows\v7.0A\bin\mt.exe /nologo /verbose /out:"Debug\lab3_1.exe.embed.manifest" /manifest Debug\lab3_1.exe.intermediate.manifest
         所有输出均为最新。
       LinkEmbedManifest:
         所有输出均为最新。
         lab3_1.vcxproj -> F:\oop\OOPExperiment\lab1_1\Debug\lab3_1.exe
       FinalizeBuildStatus:
         正在删除文件“Debug\lab3_1.unsuccessfulbuild”。
         正在对“Debug\lab3_1.lastbuildstate”执行 Touch 任务。
     1>已完成生成项目“F:\oop\OOPExperiment\lab1_1\lab3_1\lab3_1.vcxproj”(build 个目标)的操作。

生成成功。

已用时间 00:00:00.77
