生成启动时间为 2017/11/26 14:34:27。
     1>项目“F:\oop\OOPExperiment\lab1_1\homework2.2\homework2.2.vcxproj”在节点 2 上(build 个目标)。
     1>InitializeBuildStatus:
         正在创建“Debug\homework2.2.unsuccessfulbuild”，因为已指定“AlwaysCreate”。
       ClCompile:
         所有输出均为最新。
         d:\Program Files\VS2010\VC\bin\CL.exe /c /ZI /nologo /W3 /WX- /Od /Oy- /D WIN32 /D _DEBUG /D _CONSOLE /D _UNICODE /D UNICODE /Gm /EHsc /RTC1 /MDd /GS /fp:precise /Zc:wchar_t /Zc:forScope /Fo"Debug\\" /Fd"Debug\vc100.pdb" /Gd /TP /analyze- /errorReport:prompt homework2.2.cpp
         homework2.2.cpp
     1>f:\oop\oopexperiment\lab1_1\homework2.2\homework2.2.cpp(79): warning C4996: 'fopen': This function or variable may be unsafe. Consider using fopen_s instead. To disable deprecation, use _CRT_SECURE_NO_WARNINGS. See online help for details.
                 d:\program files\vs2010\vc\include\stdio.h(234) : 参见“fopen”的声明
     1>f:\oop\oopexperiment\lab1_1\homework2.2\homework2.2.cpp(84): warning C4996: 'fopen': This function or variable may be unsafe. Consider using fopen_s instead. To disable deprecation, use _CRT_SECURE_NO_WARNINGS. See online help for details.
                 d:\program files\vs2010\vc\include\stdio.h(234) : 参见“fopen”的声明
       ManifestResourceCompile:
         所有输出均为最新。
       Link:
         d:\Program Files\VS2010\VC\bin\link.exe /ERRORREPORT:PROMPT /OUT:"F:\oop\OOPExperiment\lab1_1\Debug\homework2.2.exe" /INCREMENTAL /NOLOGO kernel32.lib user32.lib gdi32.lib winspool.lib comdlg32.lib advapi32.lib shell32.lib ole32.lib oleaut32.lib uuid.lib odbc32.lib odbccp32.lib /MANIFEST /ManifestFile:"Debug\homework2.2.exe.intermediate.manifest" /MANIFESTUAC:"level='asInvoker' uiAccess='false'" /DEBUG /PDB:"F:\oop\OOPExperiment\lab1_1\Debug\homework2.2.pdb" /SUBSYSTEM:CONSOLE /TLBID:1 /DYNAMICBASE /NXCOMPAT /IMPLIB:"F:\oop\OOPExperiment\lab1_1\Debug\homework2.2.lib" /MACHINE:X86 Debug\homework2.2.exe.embed.manifest.res
         Debug\homework2.2.obj
         Debug\stdafx.obj
       Manifest:
         C:\Program Files (x86)\Microsoft SDKs\Windows\v7.0A\bin\mt.exe /nologo /verbose /out:"Debug\homework2.2.exe.embed.manifest" /manifest Debug\homework2.2.exe.intermediate.manifest
         所有输出均为最新。
       LinkEmbedManifest:
         所有输出均为最新。
         homework2.2.vcxproj -> F:\oop\OOPExperiment\lab1_1\Debug\homework2.2.exe
       FinalizeBuildStatus:
         正在删除文件“Debug\homework2.2.unsuccessfulbuild”。
         正在对“Debug\homework2.2.lastbuildstate”执行 Touch 任务。
     1>已完成生成项目“F:\oop\OOPExperiment\lab1_1\homework2.2\homework2.2.vcxproj”(build 个目标)的操作。

生成成功。

已用时间 00:00:01.24
