F:\LAB1_1\DEBUG\LAB1_3.EXE
F:\LAB1_1\DEBUG\LAB1_3.ILK
F:\LAB1_1\DEBUG\LAB1_3.PDB
F:\lab1_1\lab1_3\Debug\cl.command.1.tlog
F:\lab1_1\lab1_3\Debug\CL.read.1.tlog
F:\lab1_1\lab1_3\Debug\CL.write.1.tlog
F:\LAB1_1\LAB1_3\DEBUG\LAB1_3.EXE.EMBED.MANIFEST
F:\LAB1_1\LAB1_3\DEBUG\LAB1_3.EXE.EMBED.MANIFEST.RES
F:\LAB1_1\LAB1_3\DEBUG\LAB1_3.EXE.INTERMEDIATE.MANIFEST
F:\LAB1_1\LAB1_3\DEBUG\LAB1_3.OBJ
F:\LAB1_1\LAB1_3\DEBUG\LAB1_3.PCH
F:\lab1_1\lab1_3\Debug\lab1_3.vcxprojResolveAssemblyReference.cache
F:\lab1_1\lab1_3\Debug\lab1_3.write.1.tlog
F:\lab1_1\lab1_3\Debug\lab1_3_manifest.rc
F:\lab1_1\lab1_3\Debug\link.12348.read.1.tlog
F:\lab1_1\lab1_3\Debug\link.12348.write.1.tlog
F:\lab1_1\lab1_3\Debug\link.12348-cvtres.read.1.tlog
F:\lab1_1\lab1_3\Debug\link.12348-cvtres.write.1.tlog
F:\lab1_1\lab1_3\Debug\link.2116.read.1.tlog
F:\lab1_1\lab1_3\Debug\link.2116.write.1.tlog
F:\lab1_1\lab1_3\Debug\link.2116-cvtres.read.1.tlog
F:\lab1_1\lab1_3\Debug\link.2116-cvtres.write.1.tlog
F:\lab1_1\lab1_3\Debug\link.command.1.tlog
F:\lab1_1\lab1_3\Debug\link.read.1.tlog
F:\lab1_1\lab1_3\Debug\link.write.1.tlog
F:\lab1_1\lab1_3\Debug\link-cvtres.read.1.tlog
F:\lab1_1\lab1_3\Debug\link-cvtres.write.1.tlog
F:\lab1_1\lab1_3\Debug\mt.command.1.tlog
F:\lab1_1\lab1_3\Debug\mt.read.1.tlog
F:\lab1_1\lab1_3\Debug\mt.write.1.tlog
F:\lab1_1\lab1_3\Debug\rc.command.1.tlog
F:\lab1_1\lab1_3\Debug\rc.read.1.tlog
F:\lab1_1\lab1_3\Debug\rc.write.1.tlog
F:\LAB1_1\LAB1_3\DEBUG\STDAFX.OBJ
F:\lab1_1\lab1_3\Debug\vc100.idb
F:\LAB1_1\LAB1_3\DEBUG\VC100.PDB
