D:\DOCUMENTS\VISUAL STUDIO 2010\PROJECTS\LAB1_1\DEBUG\LAB1_2.EXE
D:\DOCUMENTS\VISUAL STUDIO 2010\PROJECTS\LAB1_1\DEBUG\LAB1_2.ILK
D:\DOCUMENTS\VISUAL STUDIO 2010\PROJECTS\LAB1_1\DEBUG\LAB1_2.PDB
D:\DOCUMENTS\VISUAL STUDIO 2010\PROJECTS\LAB1_1\LAB1_2\DEBUG\LAB1_2.EXE.EMBED.MANIFEST
D:\DOCUMENTS\VISUAL STUDIO 2010\PROJECTS\LAB1_1\LAB1_2\DEBUG\LAB1_2.EXE.EMBED.MANIFEST.RES
D:\DOCUMENTS\VISUAL STUDIO 2010\PROJECTS\LAB1_1\LAB1_2\DEBUG\LAB1_2.EXE.INTERMEDIATE.MANIFEST
D:\DOCUMENTS\VISUAL STUDIO 2010\PROJECTS\LAB1_1\LAB1_2\DEBUG\LAB1_2.OBJ
D:\DOCUMENTS\VISUAL STUDIO 2010\PROJECTS\LAB1_1\LAB1_2\DEBUG\LAB1_2.PCH
D:\DOCUMENTS\VISUAL STUDIO 2010\PROJECTS\LAB1_1\LAB1_2\DEBUG\STDAFX.OBJ
D:\DOCUMENTS\VISUAL STUDIO 2010\PROJECTS\LAB1_1\LAB1_2\DEBUG\VC100.PDB
F:\oop\OOPExperiment\lab1_1\Debug\lab1_2.exe
F:\oop\OOPExperiment\lab1_1\Debug\lab1_2.ilk
F:\oop\OOPExperiment\lab1_1\Debug\lab1_2.pdb
F:\oop\OOPExperiment\lab1_1\lab1_2\Debug\cl.command.1.tlog
F:\oop\OOPExperiment\lab1_1\lab1_2\Debug\CL.read.1.tlog
F:\oop\OOPExperiment\lab1_1\lab1_2\Debug\CL.write.1.tlog
F:\oop\OOPExperiment\lab1_1\lab1_2\Debug\lab1_2.exe.embed.manifest
F:\oop\OOPExperiment\lab1_1\lab1_2\Debug\lab1_2.exe.embed.manifest.res
F:\oop\OOPExperiment\lab1_1\lab1_2\Debug\lab1_2.exe.intermediate.manifest
F:\oop\OOPExperiment\lab1_1\lab1_2\Debug\lab1_2.obj
F:\oop\OOPExperiment\lab1_1\lab1_2\Debug\lab1_2.pch
F:\oop\OOPExperiment\lab1_1\lab1_2\Debug\lab1_2_manifest.rc
F:\oop\OOPExperiment\lab1_1\lab1_2\Debug\link.2008.read.1.tlog
F:\oop\OOPExperiment\lab1_1\lab1_2\Debug\link.2008.write.1.tlog
F:\oop\OOPExperiment\lab1_1\lab1_2\Debug\link.2008-cvtres.read.1.tlog
F:\oop\OOPExperiment\lab1_1\lab1_2\Debug\link.2008-cvtres.write.1.tlog
F:\oop\OOPExperiment\lab1_1\lab1_2\Debug\link.4664.read.1.tlog
F:\oop\OOPExperiment\lab1_1\lab1_2\Debug\link.4664.write.1.tlog
F:\oop\OOPExperiment\lab1_1\lab1_2\Debug\link.4664-cvtres.read.1.tlog
F:\oop\OOPExperiment\lab1_1\lab1_2\Debug\link.4664-cvtres.write.1.tlog
F:\oop\OOPExperiment\lab1_1\lab1_2\Debug\link.command.1.tlog
F:\oop\OOPExperiment\lab1_1\lab1_2\Debug\link.read.1.tlog
F:\oop\OOPExperiment\lab1_1\lab1_2\Debug\link.write.1.tlog
F:\oop\OOPExperiment\lab1_1\lab1_2\Debug\link-cvtres.read.1.tlog
F:\oop\OOPExperiment\lab1_1\lab1_2\Debug\link-cvtres.write.1.tlog
F:\oop\OOPExperiment\lab1_1\lab1_2\Debug\mt.command.1.tlog
F:\oop\OOPExperiment\lab1_1\lab1_2\Debug\mt.read.1.tlog
F:\oop\OOPExperiment\lab1_1\lab1_2\Debug\mt.write.1.tlog
F:\oop\OOPExperiment\lab1_1\lab1_2\Debug\rc.command.1.tlog
F:\oop\OOPExperiment\lab1_1\lab1_2\Debug\rc.read.1.tlog
F:\oop\OOPExperiment\lab1_1\lab1_2\Debug\rc.write.1.tlog
F:\oop\OOPExperiment\lab1_1\lab1_2\Debug\stdafx.obj
F:\oop\OOPExperiment\lab1_1\lab1_2\Debug\vc100.idb
F:\oop\OOPExperiment\lab1_1\lab1_2\Debug\vc100.pdb
